Array
(
    [id] => 1
    [action] => 
)
Array
(
    [id] => 258895464
    [action] => asdf
)
Array
(
    [id] => 258895464
    [action] => Принято!Принято!
)
Array
(
    [id] => 258895464
    [action] => `2
)
Array
(
    [id] => 258895464
    [action] => `2
)
Array
(
    [id] => 258895464
    [action] => `2
)
Array
(
    [id] => 258895464
    [action] => `2
)
Array
(
    [id] => 258895464
    [action] => `2
)
Array
(
    [id] => 258895464
    [action] => `2
)
Array
(
    [id] => 258895464
    [action] => `2
)
Array
(
    [id] => 258895464
    [action] => 123
)
Array
(
    [id] => 258895464
    [action] => 123
)
Array
(
    [id] => 258895464
    [action] => 123
)
Array
(
    [id] => 258895464
    [action] => 123
)
Array
(
    [id] => 258895464
    [action] => 123
)
Array
(
    [id] => 258895464
    [action] => `2
)
Array
(
    [id] => 258895464
    [action] => 123
)
Array
(
    [id] => 258895464
    [action] => 123
)
Array
(
    [id] => 258895464
    [action] => 123
)
Array
(
    [id] => 258895464
    [action] => 123
)
Array
(
    [id] => 258895464
    [action] => 123
)
Array
(
    [id] => 258895464
    [action] => 123
)
Array
(
    [id] => 258895464
    [action] => `2
)
Array
(
    [id] => 258895464
    [action] => 123
)
Array
(
    [id] => 258895464
    [action] => 123
)
Array
(
    [id] => 258895464
    [action] => `2
)
Array
(
    [id] => 258895464
    [action] => 123
)
Array
(
    [id] => 258895464
    [action] => 123
)
Array
(
    [id] => 258895464
    [action] => `2
)
Array
(
    [id] => 258895464
    [action] => 123
)
Array
(
    [id] => 258895464
    [action] => 123
)
Array
(
    [id] => 258895464
    [action] => 13
)
Array
(
    [id] => 258895464
    [action] => 13
)
Array
(
    [id] => 258895464
    [action] => `2
)
Array
(
    [id] => 258895464
    [action] => 13
)
Array
(
    [id] => 258895464
    [action] => 13
)
Array
(
    [id] => 258895464
    [action] => 123
)
Array
(
    [id] => 258895464
    [action] => 12
)
Array
(
    [id] => 258895464
    [action] => 12
)
Array
(
    [id] => 258895464
    [action] => 12
)
Array
(
    [id] => 258895464
    [action] => 13
)
Array
(
    [id] => 258895464
    [action] => 123
)
Array
(
    [id] => 258895464
    [action] => 12
)
Array
(
    [id] => 258895464
    [action] => 12
)
Array
(
    [id] => 258895464
    [action] => 13
)
Array
(
    [id] => 258895464
    [action] => `2
)
Array
(
    [id] => 258895464
    [action] => 123
)
Array
(
    [id] => 258895464
    [action] => 12
)
Array
(
    [id] => 258895464
    [action] => 123
)
Array
(
    [id] => 258895464
    [action] => 13
)
Array
(
    [id] => 258895464
    [action] => `2
)
Array
(
    [id] => 258895464
    [action] => 123
)
Array
(
    [id] => 258895464
    [action] => 12
)
Array
(
    [id] => 258895464
    [action] => ````````
)
Array
(
    [id] => 258895464
    [action] => ````````
)
Array
(
    [id] => 258895464
    [action] => 123
)
Array
(
    [id] => 258895464
    [action] => ````````
)
Array
(
    [id] => 258895464
    [action] => ````````
)
Array
(
    [id] => 258895464
    [action] => cccccccccccc
)
Array
(
    [id] => 258895464
    [action] => cccccccccccc
)
Array
(
    [id] => 258895464
    [action] => cccccccccccc
)
Array
(
    [id] => 258895464
    [action] => ````````
)
Array
(
    [id] => 258895464
    [action] => cccccccccccc
)
Array
(
    [id] => 258895464
    [action] => 13
)
Array
(
    [id] => 258895464
    [action] => `2
)
Array
(
    [id] => 258895464
    [action] => 11111111
)
Array
(
    [id] => 258895464
    [action] => 11111111
)
Array
(
    [id] => 258895464
    [action] => 123
)
Array
(
    [id] => 258895464
    [action] => 11111111
)
Array
(
    [id] => 258895464
    [action] => cccccccccccc
)
Array
(
    [id] => 258895464
    [action] => 12
)
Array
(
    [id] => 258895464
    [action] => 11111111
)
stdClass Object
(
    [id] => 258895464
    [action] => 111
)
